<?xml version="1.0" encoding="UTF-8" ?>
<testsuite tests="93" failures="0" name="TestSuite" time="0.472" errors="0" skipped="0">
  <properties>
    <property name="java.runtime.name" value="Java(TM) SE Runtime Environment"/>
    <property name="java.vm.version" value="13.0.2+8"/>
    <property name="sun.boot.library.path" value="C:\Program Files\Java\jdk-13.0.2\bin"/>
    <property name="maven.multiModuleProjectDirectory" value="C:\Users\Adrian\eclipse-workspace\ArquitecturaSoftware"/>
    <property name="java.vm.vendor" value="Oracle Corporation"/>
    <property name="java.vendor.url" value="https://java.oracle.com/"/>
    <property name="guice.disable.misplaced.annotation.check" value="true"/>
    <property name="path.separator" value=";"/>
    <property name="java.vm.name" value="Java HotSpot(TM) 64-Bit Server VM"/>
    <property name="sun.os.patch.level" value=""/>
    <property name="user.script" value=""/>
    <property name="user.country" value="US"/>
    <property name="sun.java.launcher" value="SUN_STANDARD"/>
    <property name="java.vm.specification.name" value="Java Virtual Machine Specification"/>
    <property name="user.dir" value="C:\Users\Adrian\eclipse-workspace\ArquitecturaSoftware"/>
    <property name="java.vm.compressedOopsMode" value="Zero based"/>
    <property name="java.runtime.version" value="13.0.2+8"/>
    <property name="os.arch" value="amd64"/>
    <property name="java.io.tmpdir" value="C:\Users\Adrian\AppData\Local\Temp\"/>
    <property name="line.separator" value="
"/>
    <property name="java.vm.specification.vendor" value="Oracle Corporation"/>
    <property name="user.variant" value=""/>
    <property name="os.name" value="Windows 10"/>
    <property name="classworlds.conf" value="C:\Program Files\Maven\bin\..\bin\m2.conf"/>
    <property name="sun.jnu.encoding" value="Cp1252"/>
    <property name="java.library.path" value="C:\Program Files\Java\jdk-13.0.2\bin;C:\Windows\Sun\Java\bin;C:\Windows\system32;C:\Windows;C:\Windows\system32;C:\Windows;C:\Windows\System32\Wbem;C:\Windows\System32\WindowsPowerShell\v1.0\;C:\Windows\System32\OpenSSH\;C:\Program Files\Microsoft VS Code\bin;C:\Program Files\dotnet\;C:\Program Files\Microsoft SQL Server\130\Tools\Binn\;C:\Program Files\Microsoft SQL Server\Client SDK\ODBC\170\Tools\Binn\;C:\Program Files\nodejs\;C:\Program Files\Git\cmd;C:\Program Files (x86)\Microsoft SQL Server\150\DTS\Binn\;C:\Program Files\Java\jdk-13.0.2\bin;C:\Users\Adrian\Desktop\II_2020\Gestion de Calidad\sonar-scanner-4.4.0.2170-windows\bin;C:\Program Files\Maven\bin;C:\Program Files\flutter\bin;C:\Windows\system32;C:\Windows;C:\Windows\System32\Wbem;C:\Windows\System32\WindowsPowerShell\v1.0\;C:\Windows\System32\OpenSSH\;C:\Program Files\Microsoft VS Code\bin;C:\Program Files\dotnet\;C:\Program Files\Microsoft SQL Server\130\Tools\Binn\;C:\Program Files\Microsoft SQL Server\Client SDK\ODBC\170\Tools\Binn\;C:\Program Files\nodejs\;C:\Users\Adrian\AppData\Local\Microsoft\WindowsApps;C:\Users\Adrian\AppData\Roaming\npm;C:\Users\Adrian\anaconda3;C:\Users\Adrian\anaconda3;C:\Users\Adrian\anaconda3\Scripts;C:\Users\Adrian\anaconda3\Library\bin;C:\Users\Adrian\.dotnet\tools;C:\Program Files\Sqlite3;C:\Users\Adrian\AppData\Local\GitHubDesktop\bin;."/>
    <property name="maven.conf" value="C:\Program Files\Maven\bin\../conf"/>
    <property name="jdk.debug" value="release"/>
    <property name="java.class.version" value="57.0"/>
    <property name="java.specification.name" value="Java Platform API Specification"/>
    <property name="sun.management.compiler" value="HotSpot 64-Bit Tiered Compilers"/>
    <property name="os.version" value="10.0"/>
    <property name="library.jansi.path" value="C:\Program Files\Maven\bin\..\lib\jansi-native"/>
    <property name="user.home" value="C:\Users\Adrian"/>
    <property name="user.timezone" value="America/Caracas"/>
    <property name="file.encoding" value="Cp1252"/>
    <property name="java.specification.version" value="13"/>
    <property name="user.name" value="Adrian"/>
    <property name="java.class.path" value="C:\Program Files\Maven\bin\..\boot\plexus-classworlds-2.6.0.jar"/>
    <property name="java.vm.specification.version" value="13"/>
    <property name="sun.arch.data.model" value="64"/>
    <property name="sun.java.command" value="org.codehaus.plexus.classworlds.launcher.Launcher package"/>
    <property name="java.home" value="C:\Program Files\Java\jdk-13.0.2"/>
    <property name="user.language" value="en"/>
    <property name="java.specification.vendor" value="Oracle Corporation"/>
    <property name="java.vm.info" value="mixed mode, sharing"/>
    <property name="java.version" value="13.0.2"/>
    <property name="java.vendor" value="Oracle Corporation"/>
    <property name="sun.stderr.encoding" value="cp437"/>
    <property name="maven.home" value="C:\Program Files\Maven\bin\.."/>
    <property name="file.separator" value="\"/>
    <property name="java.version.date" value="2020-01-14"/>
    <property name="java.vendor.url.bug" value="https://bugreport.java.com/bugreport/"/>
    <property name="sun.io.unicode.encoding" value="UnicodeLittle"/>
    <property name="sun.cpu.endian" value="little"/>
    <property name="sun.stdout.encoding" value="cp437"/>
    <property name="sun.cpu.isalist" value="amd64"/>
  </properties>
  <testcase classname="TestCasosDeUso.CalcularCDRsTest" name="test_CalcularCostos" time="0.003"/>
  <testcase classname="TestCasosDeUso.CalcularCDRsTest" name="test_ObtenerNombreCasoDeUso" time="0.004"/>
  <testcase classname="TestCasosDeUso.CargarCDRsTest" name="test_CargarCDRs" time="0.002"/>
  <testcase classname="TestCasosDeUso.CargarCDRsTest" name="test_ObtenerNombreCasoDeUso" time="0"/>
  <testcase classname="TestCasosDeUso.CargarUsuariosTest" name="test_CargarUsuarios" time="0.007"/>
  <testcase classname="TestCasosDeUso.CargarUsuariosTest" name="test_ObtenerNombreCasoDeUso" time="0"/>
  <testcase classname="TestCasosDeUso.MostrarCDRsTest" name="test_ObtenerNombreCasoDeUso" time="0"/>
  <testcase classname="TestCasosDeUso.MostrarCDRsTest" name="test_obtenerCDRs" time="0"/>
  <testcase classname="TestCasosDeUso.MostrarUsuariosTest" name="test_CargarUsuarios" time="0"/>
  <testcase classname="TestCasosDeUso.MostrarUsuariosTest" name="test_ObtenerNombreCasoDeUso" time="0"/>
  <testcase classname="TestCasosDeUso.TarifarCDRsTest" name="test_CalcularCosto" time="0"/>
  <testcase classname="TestCasosDeUso.TarifarCDRsTest" name="test_ObtenerNombreCasoDeUso" time="0"/>
  <testcase classname="TestEntidades.CDRTest" name="test_AniadirDuracionLlamada" time="0"/>
  <testcase classname="TestEntidades.CDRTest" name="test_AniadirFecha" time="0"/>
  <testcase classname="TestEntidades.CDRTest" name="test_AniadirHoraInicioLlamada" time="0"/>
  <testcase classname="TestEntidades.CDRTest" name="test_AniadirTelefonoDestino" time="0"/>
  <testcase classname="TestEntidades.CDRTest" name="test_AniadirTelefonoOrigen" time="0"/>
  <testcase classname="TestEntidades.LineaTelefonicaTest" name="test_AniadirNombre" time="0"/>
  <testcase classname="TestEntidades.LineaTelefonicaTest" name="test_AniadirNumeroTelefonico" time="0"/>
  <testcase classname="TestEntidades.LineaTelefonicaTest" name="test_ObtenerNombreVacio" time="0"/>
  <testcase classname="TestEntidades.LineaTelefonicaTest" name="test_ObtenerNumeroTelefonico" time="0"/>
  <testcase classname="TestEntidades.LineaTelefonicaTest" name="test_ObtenerPlan" time="0"/>
  <testcase classname="TestEntidades.LlamadaTest" name="test_ObtenerNombreAdrian" time="0"/>
  <testcase classname="TestEntidades.LlamadaTest" name="test_ObtenerNombreAndres" time="0"/>
  <testcase classname="TestEntidades.LlamadaTest" name="test_ObtenerNombreGamal" time="0"/>
  <testcase classname="TestEntidades.LlamadaTest" name="test_ObtenerNumeroTelefonico" time="0"/>
  <testcase classname="TestEntidades.LlamadaTest" name="test_ObtenerPlanPostPago" time="0"/>
  <testcase classname="TestEntidades.LlamadaTest" name="test_ObtenerPlanPrePago" time="0"/>
  <testcase classname="TestEntidades.LlamadaTest" name="test_ObtenerPlanWow" time="0"/>
  <testcase classname="TestEntidades.LlamadaTest" name="test_ObtenerTodosLosDatos" time="0"/>
  <testcase classname="TestEntidades.LlamadaTest" name="test_ObtenerTodosLosDatos2" time="0"/>
  <testcase classname="TestEntidades.LlamadaTest" name="test_ObtenerTodosLosDatos3" time="0"/>
  <testcase classname="TestMain.MainTest" name="test_Main" time="0.036"/>
  <testcase classname="TestPersistencia.RegistrosCSVTest" name="test_LeerCDRs" time="0.001"/>
  <testcase classname="TestPersistencia.RegistrosCSVTest" name="test_CantidadCDRs" time="0"/>
  <testcase classname="TestPersistencia.RegistrosCSVTest" name="test_CargarPlanATelefonos" time="0.003"/>
  <testcase classname="TestPersistencia.RegistrosCSVTest" name="test_MostrarCDRs" time="0.002"/>
  <testcase classname="TestPersistencia.RegistrosCSVTest" name="test_ObtenerCDRs" time="0"/>
  <testcase classname="TestPersistencia.RegistrosCSVTest" name="test_ObtenerUsuarios" time="0"/>
  <testcase classname="TestPersistencia.RegistrosCSVTest" name="test_GuardarCDRsCalculados" time="0.002"/>
  <testcase classname="TestPersistencia.RegistrosCSVTest" name="test_CantidadUsuarios" time="0.001"/>
  <testcase classname="TestPersistencia.RegistrosSQLTest" name="test_ConnectToCDRsDB" time="0.135"/>
  <testcase classname="TestPersistencia.RegistrosSQLTest" name="test_ConnectToTelefonossDB" time="0.003"/>
  <testcase classname="TestPersistencia.RegistrosSQLTest" name="test_DisconnectFromDB" time="0"/>
  <testcase classname="TestPersistencia.RegistrosSQLTest" name="test_ErrorConnectToTelefonossDB" time="0.002"/>
  <testcase classname="TestPersistencia.RegistrosSQLTest" name="test_LeerCDRs" time="0.009"/>
  <testcase classname="TestPersistencia.RegistrosSQLTest" name="test_CantidadCDRs" time="0"/>
  <testcase classname="TestPersistencia.RegistrosSQLTest" name="test_CantidadUsuarios" time="0"/>
  <testcase classname="TestPersistencia.RegistrosSQLTest" name="test_CargarPlanATelefonos" time="0.005"/>
  <testcase classname="TestPersistencia.RegistrosSQLTest" name="test_MostrarCDRs" time="0"/>
  <testcase classname="TestPersistencia.RegistrosSQLTest" name="test_ObtenerCDRs" time="0"/>
  <testcase classname="TestPersistencia.RegistrosSQLTest" name="test_ObtenerUsuarios" time="0"/>
  <testcase classname="TestPersistencia.RegistrosSQLTest" name="test_GuardarCDRsCalculados" time="0.231"/>
  <testcase classname="TestPlanes.PlanPostPagoTest" name="test_ObtenerPlanPostPago" time="0.002"/>
  <testcase classname="TestPlanes.PlanPrePagoTest" name="test_ObtenerPlanPrePago" time="0.001"/>
  <testcase classname="TestPlanes.PlanWowTest" name="test_ObtenerPlanPlanWow" time="0"/>
  <testcase classname="TestPresentacion.SparkTest" name="testGet" time="0"/>
  <testcase classname="TestPresentacion.SparkTest" name="test_IniciarPresentacion" time="0.013"/>
  <testcase classname="TestTarifas.TarifaAmigoTest" name="test_CalcularTarifaAmigo" time="0"/>
  <testcase classname="TestTarifas.TarifaAmigoTest" name="test_CalcularTarifaAmigo10" time="0.003"/>
  <testcase classname="TestTarifas.TarifaAmigoTest" name="test_CalcularTarifaAmigo11" time="0"/>
  <testcase classname="TestTarifas.TarifaAmigoTest" name="test_CalcularTarifaAmigo2" time="0"/>
  <testcase classname="TestTarifas.TarifaAmigoTest" name="test_CalcularTarifaAmigo3" time="0"/>
  <testcase classname="TestTarifas.TarifaAmigoTest" name="test_CalcularTarifaAmigo4" time="0"/>
  <testcase classname="TestTarifas.TarifaAmigoTest" name="test_CalcularTarifaAmigo4Amigos" time="0"/>
  <testcase classname="TestTarifas.TarifaAmigoTest" name="test_CalcularTarifaAmigo5" time="0"/>
  <testcase classname="TestTarifas.TarifaAmigoTest" name="test_CalcularTarifaAmigo5Amigos" time="0"/>
  <testcase classname="TestTarifas.TarifaAmigoTest" name="test_CalcularTarifaAmigo6" time="0"/>
  <testcase classname="TestTarifas.TarifaAmigoTest" name="test_CalcularTarifaAmigo7" time="0"/>
  <testcase classname="TestTarifas.TarifaAmigoTest" name="test_CalcularTarifaAmigo8" time="0"/>
  <testcase classname="TestTarifas.TarifaAmigoTest" name="test_CalcularTarifaAmigo9" time="0"/>
  <testcase classname="TestTarifas.TarifaHorariosTest" name="calcularTarifaHorarioReducido" time="0"/>
  <testcase classname="TestTarifas.TarifaHorariosTest" name="calcularTarifaHorarioReducido2" time="0"/>
  <testcase classname="TestTarifas.TarifaHorariosTest" name="calcularTarifaHorarioReducido3" time="0.001"/>
  <testcase classname="TestTarifas.TarifaHorariosTest" name="calcularTarifaHorarioReducido4" time="0.001"/>
  <testcase classname="TestTarifas.TarifaHorariosTest" name="calcularTarifaHorarioReducido5" time="0.001"/>
  <testcase classname="TestTarifas.TarifaHorariosTest" name="calcularTarifaHorarioReducido6" time="0"/>
  <testcase classname="TestTarifas.TarifaHorariosTest" name="calcularTarifaHorarioSuperReducido" time="0.001"/>
  <testcase classname="TestTarifas.TarifaHorariosTest" name="calcularTarifaHorarioSuperReducido2" time="0"/>
  <testcase classname="TestTarifas.TarifaHorariosTest" name="calcularTarifaHorarioSuperReducido3" time="0"/>
  <testcase classname="TestTarifas.TarifaHorariosTest" name="calcularTarifaHorarioSuperReducido4" time="0.001"/>
  <testcase classname="TestTarifas.TarifaHorariosTest" name="calcularTarifaHorarioSuperReducido5" time="0"/>
  <testcase classname="TestTarifas.TarifaHorariosTest" name="calcularTarifaHorarioSuperReducido6" time="0"/>
  <testcase classname="TestTarifas.TarifaHorariosTest" name="calcularTarifaNormal" time="0"/>
  <testcase classname="TestTarifas.TarifaHorariosTest" name="calcularTarifaNormal2" time="0.001"/>
  <testcase classname="TestTarifas.TarifaHorariosTest" name="calcularTarifaNormal3" time="0"/>
  <testcase classname="TestTarifas.TarifaHorariosTest" name="calcularTarifaNormal4" time="0"/>
  <testcase classname="TestTarifas.TarifaHorariosTest" name="calcularTarifaNormal5" time="0"/>
  <testcase classname="TestTarifas.TarifaHorariosTest" name="calcularTarifaNormal6" time="0.001"/>
  <testcase classname="TestTarifas.TarifaNormalTest" name="test_CalcularTarifaHorarioNormal" time="0"/>
  <testcase classname="TestTarifas.TarifaNormalTest" name="test_CalcularTarifaHorarioNormal2" time="0"/>
  <testcase classname="TestTarifas.TarifaNormalTest" name="test_CalcularTarifaHorarioNormal3" time="0"/>
  <testcase classname="TestTarifas.TarifaNormalTest" name="test_CalcularTarifaHorarioNormal4" time="0"/>
</testsuite>