<?xml version="1.0" encoding="UTF-8"?>
<!-- Generated by org.testng.reporters.JUnitReportReporter -->
<testsuite hostname="DESKTOP-NMN6P8R" failures="0" tests="4" name="TestTarifas.TarifaNormalTest" time="0.063" errors="0" timestamp="2020-11-17T15:42:10 VET" skipped="0">
  <testcase classname="TestTarifas.TarifaNormalTest" name="calcularTarifaHorarioNormal3" time="0.000"/>
  <system-out/>
  <testcase classname="TestTarifas.TarifaNormalTest" name="calcularTarifaHorarioNormal2" time="0.001"/>
  <system-out/>
  <testcase classname="TestTarifas.TarifaNormalTest" name="calcularTarifaHorarioNormal" time="0.061"/>
  <system-out/>
  <testcase classname="TestTarifas.TarifaNormalTest" name="calcularTarifaHorarioNormal5" time="0.001"/>
  <system-out/>
</testsuite> <!-- TestTarifas.TarifaNormalTest -->
