<?xml version="1.0" encoding="UTF-8"?>
<!-- Generated by org.testng.reporters.JUnitReportReporter -->
<testsuite hostname="DESKTOP-NMN6P8R" failures="0" tests="2" name="TestCasosDeUso.TarifarCDRsTest" time="0.010" errors="0" timestamp="2020-11-17T10:06:31 VET" skipped="0">
  <testcase classname="TestCasosDeUso.TarifarCDRsTest" name="test_ObtenerNombreCasoDeUso" time="0.002"/>
  <system-out/>
  <testcase classname="TestCasosDeUso.TarifarCDRsTest" name="test_CalcularCostos" time="0.008"/>
  <system-out/>
</testsuite> <!-- TestCasosDeUso.TarifarCDRsTest -->
