<?xml version="1.0" encoding="UTF-8"?>
<!-- Generated by org.testng.reporters.JUnitReportReporter -->
<testsuite hostname="DESKTOP-NMN6P8R" failures="0" tests="2" name="TestPresentacion.SparkTest" time="0.077" errors="0" timestamp="2020-11-17T13:39:11 VET" skipped="0">
  <testcase classname="TestPresentacion.SparkTest" name="testGet" time="0.003"/>
  <system-out/>
  <testcase classname="TestPresentacion.SparkTest" name="test_IniciarPresentacion" time="0.074"/>
  <system-out/>
</testsuite> <!-- TestPresentacion.SparkTest -->
