<?xml version="1.0" encoding="UTF-8"?>
<!-- Generated by org.testng.reporters.JUnitReportReporter -->
<testsuite hostname="DESKTOP-NMN6P8R" failures="0" tests="2" name="TestPersistencia.RegistrosSQLTest" time="0.069" errors="0" timestamp="2020-11-17T12:41:13 VET" skipped="0">
  <testcase classname="TestPersistencia.RegistrosSQLTest" name="test_LeerCDRs" time="0.067"/>
  <system-out/>
  <testcase classname="TestPersistencia.RegistrosSQLTest" name="test_CantidadUsuarios" time="0.002"/>
  <system-out/>
</testsuite> <!-- TestPersistencia.RegistrosSQLTest -->
