<?xml version="1.0" encoding="UTF-8"?>
<!-- Generated by org.testng.reporters.JUnitReportReporter -->
<testsuite hostname="DESKTOP-NMN6P8R" failures="0" tests="1" name="TestPersistencia.RegistrosSQLTest" time="0.101" errors="0" timestamp="2020-11-17T11:44:50 VET" skipped="0">
  <testcase classname="TestPersistencia.RegistrosSQLTest" name="test_ErroronnectToTelefonossDB" time="0.101"/>
  <system-out/>
</testsuite> <!-- TestPersistencia.RegistrosSQLTest -->
