<?xml version="1.0" encoding="UTF-8"?>
<!-- Generated by org.testng.reporters.JUnitReportReporter -->
<testsuite hostname="DESKTOP-NMN6P8R" failures="0" tests="5" name="TestEntidades.LineaTelefonicaTest" time="0.008" errors="0" timestamp="2020-11-17T14:56:28 VET" skipped="0">
  <testcase classname="TestEntidades.LineaTelefonicaTest" name="test_ObtenerNumeroTelefonico" time="0.001"/>
  <system-out/>
  <testcase classname="TestEntidades.LineaTelefonicaTest" name="test_ObtenerPlan" time="0.000"/>
  <system-out/>
  <testcase classname="TestEntidades.LineaTelefonicaTest" name="test_AniadirNombre" time="0.005"/>
  <system-out/>
  <testcase classname="TestEntidades.LineaTelefonicaTest" name="test_ObtenerNombreVacio" time="0.001"/>
  <system-out/>
  <testcase classname="TestEntidades.LineaTelefonicaTest" name="test_AniadirNumeroTelefonico" time="0.001"/>
  <system-out/>
</testsuite> <!-- TestEntidades.LineaTelefonicaTest -->
