<?xml version="1.0" encoding="UTF-8"?>
<!-- Generated by org.testng.reporters.JUnitReportReporter -->
<testsuite hostname="DESKTOP-NMN6P8R" failures="0" tests="1" name="TestMain.MainTest" time="0.084" errors="0" timestamp="2020-11-17T13:45:38 VET" skipped="0">
  <testcase classname="TestMain.MainTest" name="test_Main" time="0.084"/>
  <system-out/>
</testsuite> <!-- TestMain.MainTest -->
