<?xml version="1.0" encoding="UTF-8"?>
<!-- Generated by org.testng.reporters.JUnitReportReporter -->
<testsuite hostname="DESKTOP-NMN6P8R" failures="0" tests="1" name="TestNG.TestCalculateCost" time="0.011" errors="0" timestamp="2020-11-10T10:12:34 VET" skipped="0">
  <testcase classname="TestNG.TestCalculateCost" name="test" time="0.011"/>
  <system-out/>
</testsuite> <!-- TestNG.TestCalculateCost -->
