<?xml version="1.0" encoding="UTF-8"?>
<!-- Generated by org.testng.reporters.JUnitReportReporter -->
<testsuite hostname="DESKTOP-NMN6P8R" failures="0" tests="8" name="TestPersistencia.RegistrosCSVTest" time="0.020" errors="0" timestamp="2020-11-17T13:10:36 VET" skipped="0">
  <testcase classname="TestPersistencia.RegistrosCSVTest" name="test_CantidadCDRs" time="0.001"/>
  <system-out/>
  <testcase classname="TestPersistencia.RegistrosCSVTest" name="test_ObtenerUsuarios" time="0.001"/>
  <system-out/>
  <testcase classname="TestPersistencia.RegistrosCSVTest" name="test_ObtenerCDRs" time="0.001"/>
  <system-out/>
  <testcase classname="TestPersistencia.RegistrosCSVTest" name="test_MostrarCDRs" time="0.000"/>
  <system-out/>
  <testcase classname="TestPersistencia.RegistrosCSVTest" name="test_CargarPlanATelefonos" time="0.005"/>
  <system-out/>
  <testcase classname="TestPersistencia.RegistrosCSVTest" name="test_GuardarCDRsCalculados" time="0.002"/>
  <system-out/>
  <testcase classname="TestPersistencia.RegistrosCSVTest" name="test_LeerCDRs" time="0.009"/>
  <system-out/>
  <testcase classname="TestPersistencia.RegistrosCSVTest" name="test_CantidadUsuarios" time="0.001"/>
  <system-out/>
</testsuite> <!-- TestPersistencia.RegistrosCSVTest -->
