<?xml version="1.0" encoding="UTF-8"?>
<!-- Generated by org.testng.reporters.JUnitReportReporter -->
<testsuite hostname="DESKTOP-NMN6P8R" failures="0" tests="11" name="TestTarifas.TarifaAmigoTest" time="0.068" errors="0" timestamp="2020-11-17T14:35:19 VET" skipped="0">
  <testcase classname="TestTarifas.TarifaAmigoTest" name="calcularTarifaAmigo2" time="0.000"/>
  <system-out/>
  <testcase classname="TestTarifas.TarifaAmigoTest" name="calcularTarifaAmigo9" time="0.000"/>
  <system-out/>
  <testcase classname="TestTarifas.TarifaAmigoTest" name="calcularTarifaAmigo" time="0.063"/>
  <system-out/>
  <testcase classname="TestTarifas.TarifaAmigoTest" name="calcularTarifaAmigo7" time="0.000"/>
  <system-out/>
  <testcase classname="TestTarifas.TarifaAmigoTest" name="calcularTarifaAmigo3" time="0.000"/>
  <system-out/>
  <testcase classname="TestTarifas.TarifaAmigoTest" name="calcularTarifaAmigo6" time="0.001"/>
  <system-out/>
  <testcase classname="TestTarifas.TarifaAmigoTest" name="calcularTarifaAmigo10" time="0.001"/>
  <system-out/>
  <testcase classname="TestTarifas.TarifaAmigoTest" name="calcularTarifaAmigo4" time="0.001"/>
  <system-out/>
  <testcase classname="TestTarifas.TarifaAmigoTest" name="calcularTarifaAmigo11" time="0.001"/>
  <system-out/>
  <testcase classname="TestTarifas.TarifaAmigoTest" name="calcularTarifaAmigo8" time="0.000"/>
  <system-out/>
  <testcase classname="TestTarifas.TarifaAmigoTest" name="calcularTarifaAmigo5" time="0.001"/>
  <system-out/>
</testsuite> <!-- TestTarifas.TarifaAmigoTest -->
