<?xml version="1.0" encoding="UTF-8"?>
<!-- Generated by org.testng.reporters.JUnitReportReporter -->
<testsuite hostname="DESKTOP-NMN6P8R" failures="0" tests="1" name="TestCasosDeUso.CalcularCDRsTest" time="0.009" errors="0" timestamp="2020-11-16T16:32:21 VET" skipped="0">
  <testcase classname="TestCasosDeUso.CalcularCDRsTest" name="test_CalcularCostos" time="0.009"/>
  <system-out/>
</testsuite> <!-- TestCasosDeUso.CalcularCDRsTest -->
