<?xml version="1.0" encoding="UTF-8"?>
<!-- Generated by org.testng.reporters.JUnitReportReporter -->
<testsuite hostname="DESKTOP-NMN6P8R" failures="0" tests="2" name="TestCasosDeUso.CargarCDRsTest" time="0.003" errors="0" timestamp="2020-11-17T10:07:55 VET" skipped="0">
  <testcase classname="TestCasosDeUso.CargarCDRsTest" name="test_CargarCDRs" time="0.003"/>
  <system-out/>
  <testcase classname="TestCasosDeUso.CargarCDRsTest" name="test_ObtenerNombreCasoDeUso" time="0.000"/>
  <system-out/>
</testsuite> <!-- TestCasosDeUso.CargarCDRsTest -->
