<?xml version="1.0" encoding="UTF-8"?>
<!-- Generated by org.testng.reporters.JUnitReportReporter -->
<testsuite hostname="DESKTOP-NMN6P8R" failures="0" tests="6" name="TestNG.TarifaNormalTest" time="0.000" errors="0" timestamp="2020-11-17T13:44:59 VET" skipped="0">
  <testcase classname="TestNG.TarifaNormalTest" name="calcularTarifaHorarioNormal" time="0.000"/>
  <system-out/>
  <testcase classname="TestNG.TarifaNormalTest" name="calcularTarifaHorarioNormal3" time="0.000"/>
  <system-out/>
  <testcase classname="TestNG.TarifaNormalTest" name="calcularTarifaHorarioNormal4" time="0.000"/>
  <system-out/>
  <testcase classname="TestNG.TarifaNormalTest" name="calcularTarifaHorarioNormal6" time="0.000"/>
  <system-out/>
  <testcase classname="TestNG.TarifaNormalTest" name="calcularTarifaHorarioNormal5" time="0.000"/>
  <system-out/>
  <testcase classname="TestNG.TarifaNormalTest" name="calcularTarifaHorarioNormal2" time="0.000"/>
  <system-out/>
</testsuite> <!-- TestNG.TarifaNormalTest -->
