<?xml version="1.0" encoding="UTF-8"?>
<!-- Generated by org.testng.reporters.JUnitReportReporter -->
<testsuite hostname="DESKTOP-NMN6P8R" failures="0" tests="1" name="TestNG.PlanPrePagoTest" time="0.000" errors="0" timestamp="2020-11-17T13:44:59 VET" skipped="0">
  <testcase classname="TestNG.PlanPrePagoTest" name="esPrePago" time="0.000"/>
  <system-out/>
</testsuite> <!-- TestNG.PlanPrePagoTest -->
