<?xml version="1.0" encoding="UTF-8"?>
<!-- Generated by org.testng.reporters.JUnitReportReporter -->
<testsuite hostname="DESKTOP-NMN6P8R" failures="0" tests="2" name="TestCasosDeUso.TarifarCDRsTest" time="0.001" errors="0" timestamp="2020-11-17T11:44:59 VET" skipped="0">
  <testcase classname="TestCasosDeUso.TarifarCDRsTest" name="test_CalcularCosto" time="0.000"/>
  <system-out/>
  <testcase classname="TestCasosDeUso.TarifarCDRsTest" name="test_ObtenerNombreCasoDeUso" time="0.001"/>
  <system-out/>
</testsuite> <!-- TestCasosDeUso.TarifarCDRsTest -->
