<?xml version="1.0" encoding="UTF-8"?>
<!-- Generated by org.testng.reporters.JUnitReportReporter -->
<testsuite hostname="DESKTOP-NMN6P8R" failures="0" tests="10" name="TestNG.TelefonoTest" time="0.003" errors="0" timestamp="2020-11-17T13:44:59 VET" skipped="0">
  <testcase classname="TestNG.TelefonoTest" name="obtenerTodosLosDatos" time="0.000"/>
  <system-out/>
  <testcase classname="TestNG.TelefonoTest" name="obtenerPlanWow" time="0.000"/>
  <system-out/>
  <testcase classname="TestNG.TelefonoTest" name="obtenerPlanPostPago" time="0.001"/>
  <system-out/>
  <testcase classname="TestNG.TelefonoTest" name="obtenerNombreGamal" time="0.001"/>
  <system-out/>
  <testcase classname="TestNG.TelefonoTest" name="obtenerNumeroTelefonico" time="0.000"/>
  <system-out/>
  <testcase classname="TestNG.TelefonoTest" name="obtenerNombreAdrian" time="0.000"/>
  <system-out/>
  <testcase classname="TestNG.TelefonoTest" name="obtenerPlanPrePago" time="0.000"/>
  <system-out/>
  <testcase classname="TestNG.TelefonoTest" name="obtenerTodosLosDatos3" time="0.000"/>
  <system-out/>
  <testcase classname="TestNG.TelefonoTest" name="obtenerNombreAndres" time="0.000"/>
  <system-out/>
  <testcase classname="TestNG.TelefonoTest" name="obtenerTodosLosDatos2" time="0.001"/>
  <system-out/>
</testsuite> <!-- TestNG.TelefonoTest -->
