<?xml version="1.0" encoding="UTF-8"?>
<!-- Generated by org.testng.reporters.JUnitReportReporter -->
<testsuite hostname="DESKTOP-NMN6P8R" failures="0" tests="2" name="TestCasosDeUso.MostrarCDRsTest" time="0.000" errors="0" timestamp="2020-11-17T10:07:55 VET" skipped="0">
  <testcase classname="TestCasosDeUso.MostrarCDRsTest" name="test_ObtenerNombreCasoDeUso" time="0.000"/>
  <system-out/>
  <testcase classname="TestCasosDeUso.MostrarCDRsTest" name="test_obtenerCDRs" time="0.000"/>
  <system-out/>
</testsuite> <!-- TestCasosDeUso.MostrarCDRsTest -->
