<?xml version="1.0" encoding="UTF-8"?>
<!-- Generated by org.testng.reporters.JUnitReportReporter -->
<testsuite hostname="DESKTOP-NMN6P8R" failures="0" tests="5" name="TestNG.LineaTelefonicaTest" time="0.000" errors="0" timestamp="2020-11-17T13:44:59 VET" skipped="0">
  <testcase classname="TestNG.LineaTelefonicaTest" name="aniadirNombre" time="0.000"/>
  <system-out/>
  <testcase classname="TestNG.LineaTelefonicaTest" name="obtenerNumeroTelefonico" time="0.000"/>
  <system-out/>
  <testcase classname="TestNG.LineaTelefonicaTest" name="aniadirNumeroTelefonico" time="0.000"/>
  <system-out/>
  <testcase classname="TestNG.LineaTelefonicaTest" name="obtenerNombreVacio" time="0.000"/>
  <system-out/>
  <testcase classname="TestNG.LineaTelefonicaTest" name="obtenerPlan" time="0.000"/>
  <system-out/>
</testsuite> <!-- TestNG.LineaTelefonicaTest -->
