<?xml version="1.0" encoding="UTF-8"?>
<!-- Generated by org.testng.reporters.JUnitReportReporter -->
<testsuite hostname="DESKTOP-NMN6P8R" failures="0" tests="18" name="TestTarifas.TarifaHorariosTest" time="0.005" errors="0" timestamp="2020-11-17T15:55:31 VET" skipped="0">
  <testcase classname="TestTarifas.TarifaHorariosTest" name="calcularTarifaHorarioReducido5" time="0.000"/>
  <system-out/>
  <testcase classname="TestTarifas.TarifaHorariosTest" name="calcularTarifaNormal4" time="0.000"/>
  <system-out/>
  <testcase classname="TestTarifas.TarifaHorariosTest" name="calcularTarifaNormal6" time="0.000"/>
  <system-out/>
  <testcase classname="TestTarifas.TarifaHorariosTest" name="calcularTarifaHorarioReducido2" time="0.000"/>
  <system-out/>
  <testcase classname="TestTarifas.TarifaHorariosTest" name="calcularTarifaHorarioReducido3" time="0.001"/>
  <system-out/>
  <testcase classname="TestTarifas.TarifaHorariosTest" name="calcularTarifaHorarioReducido4" time="0.000"/>
  <system-out/>
  <testcase classname="TestTarifas.TarifaHorariosTest" name="calcularTarifaHorarioSuperReducido2" time="0.001"/>
  <system-out/>
  <testcase classname="TestTarifas.TarifaHorariosTest" name="calcularTarifaNormal5" time="0.000"/>
  <system-out/>
  <testcase classname="TestTarifas.TarifaHorariosTest" name="calcularTarifaHorarioSuperReducido6" time="0.000"/>
  <system-out/>
  <testcase classname="TestTarifas.TarifaHorariosTest" name="calcularTarifaNormal3" time="0.000"/>
  <system-out/>
  <testcase classname="TestTarifas.TarifaHorariosTest" name="calcularTarifaHorarioSuperReducido3" time="0.000"/>
  <system-out/>
  <testcase classname="TestTarifas.TarifaHorariosTest" name="calcularTarifaHorarioReducido6" time="0.001"/>
  <system-out/>
  <testcase classname="TestTarifas.TarifaHorariosTest" name="calcularTarifaHorarioSuperReducido5" time="0.001"/>
  <system-out/>
  <testcase classname="TestTarifas.TarifaHorariosTest" name="calcularTarifaNormal2" time="0.000"/>
  <system-out/>
  <testcase classname="TestTarifas.TarifaHorariosTest" name="calcularTarifaHorarioSuperReducido" time="0.000"/>
  <system-out/>
  <testcase classname="TestTarifas.TarifaHorariosTest" name="calcularTarifaNormal" time="0.000"/>
  <system-out/>
  <testcase classname="TestTarifas.TarifaHorariosTest" name="calcularTarifaHorarioSuperReducido4" time="0.000"/>
  <system-out/>
  <testcase classname="TestTarifas.TarifaHorariosTest" name="calcularTarifaHorarioReducido" time="0.001"/>
  <system-out/>
</testsuite> <!-- TestTarifas.TarifaHorariosTest -->
