<?xml version="1.0" encoding="UTF-8"?>
<!-- Generated by org.testng.reporters.JUnitReportReporter -->
<testsuite hostname="DESKTOP-NMN6P8R" failures="0" tests="1" name="TestPlanes.PlanWowTest" time="0.001" errors="0" timestamp="2020-11-17T15:58:04 VET" skipped="0">
  <testcase classname="TestPlanes.PlanWowTest" name="test_ObtenerPlanPlanWow" time="0.001"/>
  <system-out/>
</testsuite> <!-- TestPlanes.PlanWowTest -->
