<?xml version="1.0" encoding="UTF-8"?>
<!-- Generated by org.testng.reporters.JUnitReportReporter -->
<testsuite hostname="DESKTOP-NMN6P8R" failures="0" tests="12" name="TestPersistencia.RegistrosSQLTest" time="0.390" errors="0" timestamp="2020-11-17T15:58:04 VET" skipped="0">
  <testcase classname="TestPersistencia.RegistrosSQLTest" name="test_CantidadCDRs" time="0.000"/>
  <system-out/>
  <testcase classname="TestPersistencia.RegistrosSQLTest" name="test_GuardarCDRsCalculados" time="0.240"/>
  <system-out/>
  <testcase classname="TestPersistencia.RegistrosSQLTest" name="test_ConnectToTelefonossDB" time="0.001"/>
  <system-out/>
  <testcase classname="TestPersistencia.RegistrosSQLTest" name="test_ErrorConnectToTelefonossDB" time="0.001"/>
  <system-out/>
  <testcase classname="TestPersistencia.RegistrosSQLTest" name="test_ObtenerCDRs" time="0.000"/>
  <system-out/>
  <testcase classname="TestPersistencia.RegistrosSQLTest" name="test_CantidadUsuarios" time="0.000"/>
  <system-out/>
  <testcase classname="TestPersistencia.RegistrosSQLTest" name="test_LeerCDRs" time="0.010"/>
  <system-out/>
  <testcase classname="TestPersistencia.RegistrosSQLTest" name="test_ObtenerUsuarios" time="0.000"/>
  <system-out/>
  <testcase classname="TestPersistencia.RegistrosSQLTest" name="test_DisconnectFromDB" time="0.001"/>
  <system-out/>
  <testcase classname="TestPersistencia.RegistrosSQLTest" name="test_MostrarCDRs" time="0.000"/>
  <system-out/>
  <testcase classname="TestPersistencia.RegistrosSQLTest" name="test_ConnectToCDRsDB" time="0.134"/>
  <system-out/>
  <testcase classname="TestPersistencia.RegistrosSQLTest" name="test_CargarPlanATelefonos" time="0.003"/>
  <system-out/>
</testsuite> <!-- TestPersistencia.RegistrosSQLTest -->
