<?xml version="1.0" encoding="UTF-8"?>
<!-- Generated by org.testng.reporters.JUnitReportReporter -->
<testsuite hostname="DESKTOP-NMN6P8R" failures="0" tests="5" name="TestEntidades.CDRTest" time="0.000" errors="0" timestamp="2020-11-17T15:55:31 VET" skipped="0">
  <testcase classname="TestEntidades.CDRTest" name="test_AniadirTelefonoOrigen" time="0.000"/>
  <system-out/>
  <testcase classname="TestEntidades.CDRTest" name="test_AniadirHoraInicioLlamada" time="0.000"/>
  <system-out/>
  <testcase classname="TestEntidades.CDRTest" name="test_AniadirDuracionLlamada" time="0.000"/>
  <system-out/>
  <testcase classname="TestEntidades.CDRTest" name="test_AniadirTelefonoDestino" time="0.000"/>
  <system-out/>
  <testcase classname="TestEntidades.CDRTest" name="test_AniadirFecha" time="0.000"/>
  <system-out/>
</testsuite> <!-- TestEntidades.CDRTest -->
