<?xml version="1.0" encoding="UTF-8"?>
<!-- Generated by org.testng.reporters.JUnitReportReporter -->
<testsuite hostname="DESKTOP-NMN6P8R" failures="0" tests="2" name="TestCasosDeUso.CalcularCDRsTest" time="0.006" errors="0" timestamp="2020-11-17T15:58:04 VET" skipped="0">
  <testcase classname="TestCasosDeUso.CalcularCDRsTest" name="test_ObtenerNombreCasoDeUso" time="0.005"/>
  <system-out/>
  <testcase classname="TestCasosDeUso.CalcularCDRsTest" name="test_CalcularCostos" time="0.001"/>
  <system-out/>
</testsuite> <!-- TestCasosDeUso.CalcularCDRsTest -->
