<?xml version="1.0" encoding="UTF-8"?>
<!-- Generated by org.testng.reporters.JUnitReportReporter -->
<testsuite hostname="DESKTOP-NMN6P8R" failures="0" tests="13" name="TestTarifas.TarifaAmigoTest" time="0.002" errors="0" timestamp="2020-11-17T15:58:04 VET" skipped="0">
  <testcase classname="TestTarifas.TarifaAmigoTest" name="test_CalcularTarifaAmigo9" time="0.000"/>
  <system-out/>
  <testcase classname="TestTarifas.TarifaAmigoTest" name="test_CalcularTarifaAmigo7" time="0.000"/>
  <system-out/>
  <testcase classname="TestTarifas.TarifaAmigoTest" name="test_CalcularTarifaAmigo11" time="0.000"/>
  <system-out/>
  <testcase classname="TestTarifas.TarifaAmigoTest" name="test_CalcularTarifaAmigo2" time="0.000"/>
  <system-out/>
  <testcase classname="TestTarifas.TarifaAmigoTest" name="test_CalcularTarifaAmigo" time="0.001"/>
  <system-out/>
  <testcase classname="TestTarifas.TarifaAmigoTest" name="test_CalcularTarifaAmigo4Amigos" time="0.000"/>
  <system-out/>
  <testcase classname="TestTarifas.TarifaAmigoTest" name="test_CalcularTarifaAmigo4" time="0.000"/>
  <system-out/>
  <testcase classname="TestTarifas.TarifaAmigoTest" name="test_CalcularTarifaAmigo10" time="0.001"/>
  <system-out/>
  <testcase classname="TestTarifas.TarifaAmigoTest" name="test_CalcularTarifaAmigo3" time="0.000"/>
  <system-out/>
  <testcase classname="TestTarifas.TarifaAmigoTest" name="test_CalcularTarifaAmigo5Amigos" time="0.000"/>
  <system-out/>
  <testcase classname="TestTarifas.TarifaAmigoTest" name="test_CalcularTarifaAmigo5" time="0.000"/>
  <system-out/>
  <testcase classname="TestTarifas.TarifaAmigoTest" name="test_CalcularTarifaAmigo6" time="0.000"/>
  <system-out/>
  <testcase classname="TestTarifas.TarifaAmigoTest" name="test_CalcularTarifaAmigo8" time="0.000"/>
  <system-out/>
</testsuite> <!-- TestTarifas.TarifaAmigoTest -->
