<?xml version="1.0" encoding="UTF-8"?>
<!-- Generated by org.testng.reporters.JUnitReportReporter -->
<testsuite hostname="DESKTOP-NMN6P8R" failures="0" tests="4" name="TestTarifas.TarifaNormalTest" time="0.001" errors="0" timestamp="2020-11-17T15:55:31 VET" skipped="0">
  <testcase classname="TestTarifas.TarifaNormalTest" name="test_CalcularTarifaHorarioNormal3" time="0.000"/>
  <system-out/>
  <testcase classname="TestTarifas.TarifaNormalTest" name="test_CalcularTarifaHorarioNormal" time="0.001"/>
  <system-out/>
  <testcase classname="TestTarifas.TarifaNormalTest" name="test_CalcularTarifaHorarioNormal4" time="0.000"/>
  <system-out/>
  <testcase classname="TestTarifas.TarifaNormalTest" name="test_CalcularTarifaHorarioNormal2" time="0.000"/>
  <system-out/>
</testsuite> <!-- TestTarifas.TarifaNormalTest -->
