<?xml version="1.0" encoding="UTF-8"?>
<!-- Generated by org.testng.reporters.JUnitReportReporter -->
<testsuite hostname="DESKTOP-NMN6P8R" failures="0" tests="2" name="TestCasosDeUso.CargarUsuariosTest" time="0.002" errors="0" timestamp="2020-11-17T15:58:04 VET" skipped="0">
  <testcase classname="TestCasosDeUso.CargarUsuariosTest" name="test_ObtenerNombreCasoDeUso" time="0.000"/>
  <system-out/>
  <testcase classname="TestCasosDeUso.CargarUsuariosTest" name="test_CargarUsuarios" time="0.002"/>
  <system-out/>
</testsuite> <!-- TestCasosDeUso.CargarUsuariosTest -->
