<?xml version="1.0" encoding="UTF-8"?>
<!-- Generated by org.testng.reporters.JUnitReportReporter -->
<testsuite hostname="DESKTOP-NMN6P8R" failures="0" tests="7" name="TestPersistencia.RegistrosSQLTest" time="0.385" errors="0" timestamp="2020-11-17T11:44:59 VET" skipped="0">
  <testcase classname="TestPersistencia.RegistrosSQLTest" name="test_ConnectToTelefonossDB" time="0.105"/>
  <system-out/>
  <testcase classname="TestPersistencia.RegistrosSQLTest" name="test_LeerCDRs" time="0.010"/>
  <system-out/>
  <testcase classname="TestPersistencia.RegistrosSQLTest" name="test_DisconnectFromDB" time="0.000"/>
  <system-out/>
  <testcase classname="TestPersistencia.RegistrosSQLTest" name="test_GuardarCDRsCalculados" time="0.263"/>
  <system-out/>
  <testcase classname="TestPersistencia.RegistrosSQLTest" name="test_ConnectToCDRsDB" time="0.001"/>
  <system-out/>
  <testcase classname="TestPersistencia.RegistrosSQLTest" name="test_ErroronnectToTelefonossDB" time="0.001"/>
  <system-out/>
  <testcase classname="TestPersistencia.RegistrosSQLTest" name="test_CargarPlanATelefonos" time="0.005"/>
  <system-out/>
</testsuite> <!-- TestPersistencia.RegistrosSQLTest -->
