<?xml version="1.0" encoding="UTF-8"?>
<!-- Generated by org.testng.reporters.JUnitReportReporter -->
<testsuite hostname="DESKTOP-NMN6P8R" failures="0" tests="10" name="TestEntidades.LlamadaTest" time="0.001" errors="0" timestamp="2020-11-17T15:58:04 VET" skipped="0">
  <testcase classname="TestEntidades.LlamadaTest" name="test_ObtenerNumeroTelefonico" time="0.001"/>
  <system-out/>
  <testcase classname="TestEntidades.LlamadaTest" name="test_ObtenerPlanWow" time="0.000"/>
  <system-out/>
  <testcase classname="TestEntidades.LlamadaTest" name="test_ObtenerPlanPostPago" time="0.000"/>
  <system-out/>
  <testcase classname="TestEntidades.LlamadaTest" name="test_ObtenerTodosLosDatos3" time="0.000"/>
  <system-out/>
  <testcase classname="TestEntidades.LlamadaTest" name="test_ObtenerNombreAdrian" time="0.000"/>
  <system-out/>
  <testcase classname="TestEntidades.LlamadaTest" name="test_ObtenerPlanPrePago" time="0.000"/>
  <system-out/>
  <testcase classname="TestEntidades.LlamadaTest" name="test_ObtenerNombreGamal" time="0.000"/>
  <system-out/>
  <testcase classname="TestEntidades.LlamadaTest" name="test_ObtenerTodosLosDatos2" time="0.000"/>
  <system-out/>
  <testcase classname="TestEntidades.LlamadaTest" name="test_ObtenerTodosLosDatos" time="0.000"/>
  <system-out/>
  <testcase classname="TestEntidades.LlamadaTest" name="test_ObtenerNombreAndres" time="0.000"/>
  <system-out/>
</testsuite> <!-- TestEntidades.LlamadaTest -->
