<?xml version="1.0" encoding="UTF-8"?>
<!-- Generated by org.testng.reporters.JUnitReportReporter -->
<testsuite hostname="DESKTOP-NMN6P8R" failures="0" tests="18" name="TestNG.TarifaHorariosTest" time="0.003" errors="0" timestamp="2020-11-17T13:44:59 VET" skipped="0">
  <testcase classname="TestNG.TarifaHorariosTest" name="calcularTarifaHorarioSuperReducido3" time="0.000"/>
  <system-out/>
  <testcase classname="TestNG.TarifaHorariosTest" name="calcularTarifaNormal5" time="0.000"/>
  <system-out/>
  <testcase classname="TestNG.TarifaHorariosTest" name="calcularTarifaNormal4" time="0.000"/>
  <system-out/>
  <testcase classname="TestNG.TarifaHorariosTest" name="calcularTarifaNormal3" time="0.000"/>
  <system-out/>
  <testcase classname="TestNG.TarifaHorariosTest" name="calcularTarifaHorarioReducido3" time="0.000"/>
  <system-out/>
  <testcase classname="TestNG.TarifaHorariosTest" name="calcularTarifaNormal2" time="0.000"/>
  <system-out/>
  <testcase classname="TestNG.TarifaHorariosTest" name="calcularTarifaNormal6" time="0.000"/>
  <system-out/>
  <testcase classname="TestNG.TarifaHorariosTest" name="calcularTarifaHorarioSuperReducido" time="0.000"/>
  <system-out/>
  <testcase classname="TestNG.TarifaHorariosTest" name="calcularTarifaHorarioReducido2" time="0.000"/>
  <system-out/>
  <testcase classname="TestNG.TarifaHorariosTest" name="calcularTarifaHorarioSuperReducido2" time="0.000"/>
  <system-out/>
  <testcase classname="TestNG.TarifaHorariosTest" name="calcularTarifaHorarioSuperReducido6" time="0.000"/>
  <system-out/>
  <testcase classname="TestNG.TarifaHorariosTest" name="calcularTarifaHorarioReducido6" time="0.000"/>
  <system-out/>
  <testcase classname="TestNG.TarifaHorariosTest" name="calcularTarifaNormal" time="0.001"/>
  <system-out/>
  <testcase classname="TestNG.TarifaHorariosTest" name="calcularTarifaHorarioReducido" time="0.001"/>
  <system-out/>
  <testcase classname="TestNG.TarifaHorariosTest" name="calcularTarifaHorarioSuperReducido5" time="0.000"/>
  <system-out/>
  <testcase classname="TestNG.TarifaHorariosTest" name="calcularTarifaHorarioReducido4" time="0.000"/>
  <system-out/>
  <testcase classname="TestNG.TarifaHorariosTest" name="calcularTarifaHorarioReducido5" time="0.000"/>
  <system-out/>
  <testcase classname="TestNG.TarifaHorariosTest" name="calcularTarifaHorarioSuperReducido4" time="0.001"/>
  <system-out/>
</testsuite> <!-- TestNG.TarifaHorariosTest -->
